TN:
SF:themes/karuta/static/js/keyboard-nav.js
FN:2,(anonymous_0)
FN:6,enhanceSearchModal
FN:14,(anonymous_2)
FN:64,enhanceMenuNavigation
FN:72,(anonymous_4)
FN:76,(anonymous_5)
FN:114,(anonymous_6)
FN:115,(anonymous_7)
FN:124,enhanceCardNavigation
FN:131,(anonymous_9)
FN:176,enhanceSkipLink
FN:180,(anonymous_11)
FN:188,(anonymous_12)
FN:198,createFocusTrap
FN:208,trapFocus
FN:225,(anonymous_15)
FN:229,(anonymous_16)
FN:236,init
FN:248,(anonymous_18)
FN:249,(anonymous_19)
FNF:20
FNH:0
FNDA:0,(anonymous_0)
FNDA:0,enhanceSearchModal
FNDA:0,(anonymous_2)
FNDA:0,enhanceMenuNavigation
FNDA:0,(anonymous_4)
FNDA:0,(anonymous_5)
FNDA:0,(anonymous_6)
FNDA:0,(anonymous_7)
FNDA:0,enhanceCardNavigation
FNDA:0,(anonymous_9)
FNDA:0,enhanceSkipLink
FNDA:0,(anonymous_11)
FNDA:0,(anonymous_12)
FNDA:0,createFocusTrap
FNDA:0,trapFocus
FNDA:0,(anonymous_15)
FNDA:0,(anonymous_16)
FNDA:0,init
FNDA:0,(anonymous_18)
FNDA:0,(anonymous_19)
DA:2,0
DA:7,0
DA:8,0
DA:9,0
DA:11,0
DA:14,0
DA:15,0
DA:16,0
DA:17,0
DA:19,0
DA:20,0
DA:21,0
DA:24,0
DA:25,0
DA:26,0
DA:27,0
DA:32,0
DA:33,0
DA:35,0
DA:38,0
DA:42,0
DA:43,0
DA:44,0
DA:46,0
DA:47,0
DA:48,0
DA:54,0
DA:55,0
DA:56,0
DA:57,0
DA:65,0
DA:66,0
DA:68,0
DA:69,0
DA:72,0
DA:73,0
DA:76,0
DA:77,0
DA:78,0
DA:81,0
DA:84,0
DA:85,0
DA:87,0
DA:91,0
DA:92,0
DA:96,0
DA:97,0
DA:98,0
DA:99,0
DA:100,0
DA:101,0
DA:104,0
DA:105,0
DA:106,0
DA:107,0
DA:108,0
DA:109,0
DA:114,0
DA:115,0
DA:116,0
DA:117,0
DA:118,0
DA:125,0
DA:126,0
DA:128,0
DA:129,0
DA:131,0
DA:132,0
DA:133,0
DA:135,0
DA:136,0
DA:139,0
DA:140,0
DA:142,0
DA:144,0
DA:145,0
DA:146,0
DA:148,0
DA:149,0
DA:150,0
DA:152,0
DA:153,0
DA:154,0
DA:156,0
DA:157,0
DA:158,0
DA:160,0
DA:161,0
DA:162,0
DA:164,0
DA:165,0
DA:166,0
DA:169,0
DA:170,0
DA:177,0
DA:178,0
DA:180,0
DA:181,0
DA:182,0
DA:183,0
DA:184,0
DA:185,0
DA:186,0
DA:189,0
DA:199,0
DA:203,0
DA:205,0
DA:206,0
DA:209,0
DA:210,0
DA:211,0
DA:212,0
DA:213,0
DA:216,0
DA:217,0
DA:218,0
DA:224,0
DA:226,0
DA:227,0
DA:230,0
DA:237,0
DA:238,0
DA:239,0
DA:240,0
DA:243,0
DA:244,0
DA:245,0
DA:248,0
DA:249,0
DA:250,0
DA:251,0
DA:252,0
DA:254,0
DA:260,0
DA:265,0
DA:266,0
DA:268,0
LF:137
LH:0
BRDA:11,0,0,0
BRDA:11,0,1,0
BRDA:11,1,0,0
BRDA:11,1,1,0
BRDA:11,1,2,0
BRDA:15,2,0,0
BRDA:15,2,1,0
BRDA:15,3,0,0
BRDA:15,3,1,0
BRDA:17,4,0,0
BRDA:17,4,1,0
BRDA:25,5,0,0
BRDA:25,5,1,0
BRDA:32,6,0,0
BRDA:32,6,1,0
BRDA:33,7,0,0
BRDA:33,7,1,0
BRDA:35,8,0,0
BRDA:35,8,1,0
BRDA:42,9,0,0
BRDA:42,9,1,0
BRDA:44,10,0,0
BRDA:44,10,1,0
BRDA:44,11,0,0
BRDA:44,11,1,0
BRDA:44,11,2,0
BRDA:47,12,0,0
BRDA:47,12,1,0
BRDA:54,13,0,0
BRDA:54,13,1,0
BRDA:54,14,0,0
BRDA:54,14,1,0
BRDA:56,15,0,0
BRDA:56,15,1,0
BRDA:66,16,0,0
BRDA:66,16,1,0
BRDA:73,17,0,0
BRDA:73,17,1,0
BRDA:77,18,0,0
BRDA:77,18,1,0
BRDA:77,19,0,0
BRDA:77,19,1,0
BRDA:84,20,0,0
BRDA:84,20,1,0
BRDA:87,21,0,0
BRDA:87,21,1,0
BRDA:96,22,0,0
BRDA:96,22,1,0
BRDA:104,23,0,0
BRDA:104,23,1,0
BRDA:126,24,0,0
BRDA:126,24,1,0
BRDA:129,25,0,0
BRDA:129,25,1,0
BRDA:133,26,0,0
BRDA:133,26,1,0
BRDA:142,27,0,0
BRDA:142,27,1,0
BRDA:142,27,2,0
BRDA:142,27,3,0
BRDA:142,27,4,0
BRDA:142,27,5,0
BRDA:169,28,0,0
BRDA:169,28,1,0
BRDA:178,29,0,0
BRDA:178,29,1,0
BRDA:183,30,0,0
BRDA:183,30,1,0
BRDA:203,31,0,0
BRDA:203,31,1,0
BRDA:209,32,0,0
BRDA:209,32,1,0
BRDA:210,33,0,0
BRDA:210,33,1,0
BRDA:211,34,0,0
BRDA:211,34,1,0
BRDA:216,35,0,0
BRDA:216,35,1,0
BRDA:244,36,0,0
BRDA:244,36,1,0
BRDA:250,37,0,0
BRDA:250,37,1,0
BRDA:251,38,0,0
BRDA:251,38,1,0
BRDA:252,39,0,0
BRDA:252,39,1,0
BRDA:254,40,0,0
BRDA:254,40,1,0
BRDA:265,41,0,0
BRDA:265,41,1,0
BRF:90
BRH:0
end_of_record
TN:
SF:themes/karuta/static/js/lazy-load.js
FN:2,(anonymous_0)
FN:6,loadScript
FN:13,(anonymous_2)
FN:22,(anonymous_3)
FN:24,(anonymous_4)
FN:27,(anonymous_5)
FN:39,(anonymous_6)
FN:40,(anonymous_7)
FN:63,(anonymous_8)
FN:69,prefetchOnHover
FN:74,(anonymous_10)
FN:77,(anonymous_11)
FNF:12
FNH:0
FNDA:0,(anonymous_0)
FNDA:0,loadScript
FNDA:0,(anonymous_2)
FNDA:0,(anonymous_3)
FNDA:0,(anonymous_4)
FNDA:0,(anonymous_5)
FNDA:0,(anonymous_6)
FNDA:0,(anonymous_7)
FNDA:0,(anonymous_8)
FNDA:0,prefetchOnHover
FNDA:0,(anonymous_10)
FNDA:0,(anonymous_11)
DA:2,0
DA:7,0
DA:8,0
DA:9,0
DA:11,0
DA:12,0
DA:13,0
DA:14,0
DA:18,0
DA:22,0
DA:24,0
DA:26,0
DA:27,0
DA:28,0
DA:35,0
DA:36,0
DA:38,0
DA:40,0
DA:41,0
DA:42,0
DA:43,0
DA:45,0
DA:46,0
DA:47,0
DA:48,0
DA:49,0
DA:50,0
DA:53,0
DA:63,0
DA:64,0
DA:70,0
DA:74,0
DA:75,0
DA:78,0
DA:79,0
DA:80,0
DA:81,0
DA:82,0
DA:83,0
DA:92,0
DA:93,0
DA:95,0
LF:42
LH:0
BRDA:11,0,0,0
BRDA:11,0,1,0
BRDA:26,1,0,0
BRDA:26,1,1,0
BRDA:35,2,0,0
BRDA:35,2,1,0
BRDA:41,3,0,0
BRDA:41,3,1,0
BRDA:45,4,0,0
BRDA:45,4,1,0
BRDA:48,5,0,0
BRDA:48,5,1,0
BRDA:79,6,0,0
BRDA:79,6,1,0
BRDA:79,7,0,0
BRDA:79,7,1,0
BRDA:92,8,0,0
BRDA:92,8,1,0
BRF:18
BRH:0
end_of_record
TN:
SF:themes/karuta/static/js/mermaid-init.js
FN:1,(anonymous_0)
FN:2,currentMermaidTheme
FN:6,replaceCodeBlocks
FN:10,(anonymous_3)
FN:23,initMermaid
FN:37,reinit
FN:45,(anonymous_6)
FNF:7
FNH:0
FNDA:0,(anonymous_0)
FNDA:0,currentMermaidTheme
FNDA:0,replaceCodeBlocks
FNDA:0,(anonymous_3)
FNDA:0,initMermaid
FNDA:0,reinit
FNDA:0,(anonymous_6)
DA:1,0
DA:3,0
DA:7,0
DA:10,0
DA:11,0
DA:12,0
DA:13,0
DA:14,0
DA:15,0
DA:16,0
DA:17,0
DA:18,0
DA:19,0
DA:24,0
DA:25,0
DA:26,0
DA:31,0
DA:38,0
DA:39,0
DA:43,0
DA:45,0
DA:46,0
LF:22
LH:0
BRDA:3,0,0,0
BRDA:3,0,1,0
BRDA:11,1,0,0
BRDA:11,1,1,0
BRDA:13,2,0,0
BRDA:13,2,1,0
BRDA:14,3,0,0
BRDA:14,3,1,0
BRDA:24,4,0,0
BRDA:24,4,1,0
BRDA:24,5,0,0
BRDA:24,5,1,0
BRF:12
BRH:0
end_of_record
TN:
SF:themes/karuta/static/js/nav.js
FN:1,(anonymous_0)
FN:6,(anonymous_1)
FN:11,(anonymous_2)
FN:17,(anonymous_3)
FN:24,(anonymous_4)
FN:25,(anonymous_5)
FNF:6
FNH:0
FNDA:0,(anonymous_0)
FNDA:0,(anonymous_1)
FNDA:0,(anonymous_2)
FNDA:0,(anonymous_3)
FNDA:0,(anonymous_4)
FNDA:0,(anonymous_5)
DA:1,0
DA:2,0
DA:3,0
DA:4,0
DA:6,0
DA:7,0
DA:8,0
DA:11,0
DA:12,0
DA:13,0
DA:17,0
DA:18,0
DA:22,0
DA:23,0
DA:24,0
DA:25,0
LF:16
LH:0
BRDA:4,0,0,0
BRDA:4,0,1,0
BRDA:4,1,0,0
BRDA:4,1,1,0
BRDA:18,2,0,0
BRDA:18,2,1,0
BRDA:23,3,0,0
BRDA:23,3,1,0
BRF:8
BRH:0
end_of_record
TN:
SF:themes/karuta/static/js/search.js
FN:1,(anonymous_0)
FN:2,(anonymous_1)
FN:3,$
FN:44,getSearchHistory
FN:52,addToHistory
FN:57,(anonymous_5)
FN:75,removeFromHistory
FN:77,(anonymous_7)
FN:89,clearHistory
FN:98,escapeHtml
FN:99,(anonymous_10)
FN:104,renderHistory
FN:114,(anonymous_12)
FN:134,showHistoryOrResults
FN:151,enableTrap
FN:157,(anonymous_15)
FN:173,(anonymous_16)
FN:226,disableTrap
FN:237,openModal
FN:244,closeModal
FN:259,setLoading
FN:265,fetchIndex
FN:273,fetchJson
FN:275,(anonymous_23)
FN:278,(anonymous_24)
FN:284,(anonymous_25)
FN:290,(anonymous_26)
FN:297,(anonymous_27)
FN:304,(anonymous_28)
FN:313,(anonymous_29)
FN:319,normalize
FN:323,scoreItem
FN:342,findBestMatch
FN:397,renderResults
FN:405,escapeRegExp
FN:408,highlight
FN:414,(anonymous_36)
FN:418,(anonymous_37)
FN:433,(anonymous_38)
FN:497,applyFilters
FN:498,(anonymous_40)
FN:507,applySorting
FN:508,(anonymous_42)
FN:522,updateActiveFilters
FN:523,(anonymous_44)
FN:535,processSearchResults
FN:540,processChunk
FN:567,runSearch
FN:582,(anonymous_48)
FN:584,(anonymous_49)
FN:592,(anonymous_50)
FN:607,(anonymous_51)
FN:613,(anonymous_52)
FN:623,(anonymous_53)
FN:629,(anonymous_54)
FN:643,(anonymous_55)
FN:653,(anonymous_56)
FN:666,(anonymous_57)
FN:675,(anonymous_58)
FN:678,(anonymous_59)
FN:691,(anonymous_60)
FN:701,(anonymous_61)
FN:708,(anonymous_62)
FNF:63
FNH:0
FNDA:0,(anonymous_0)
FNDA:0,(anonymous_1)
FNDA:0,$
FNDA:0,getSearchHistory
FNDA:0,addToHistory
FNDA:0,(anonymous_5)
FNDA:0,removeFromHistory
FNDA:0,(anonymous_7)
FNDA:0,clearHistory
FNDA:0,escapeHtml
FNDA:0,(anonymous_10)
FNDA:0,renderHistory
FNDA:0,(anonymous_12)
FNDA:0,showHistoryOrResults
FNDA:0,enableTrap
FNDA:0,(anonymous_15)
FNDA:0,(anonymous_16)
FNDA:0,disableTrap
FNDA:0,openModal
FNDA:0,closeModal
FNDA:0,setLoading
FNDA:0,fetchIndex
FNDA:0,fetchJson
FNDA:0,(anonymous_23)
FNDA:0,(anonymous_24)
FNDA:0,(anonymous_25)
FNDA:0,(anonymous_26)
FNDA:0,(anonymous_27)
FNDA:0,(anonymous_28)
FNDA:0,(anonymous_29)
FNDA:0,normalize
FNDA:0,scoreItem
FNDA:0,findBestMatch
FNDA:0,renderResults
FNDA:0,escapeRegExp
FNDA:0,highlight
FNDA:0,(anonymous_36)
FNDA:0,(anonymous_37)
FNDA:0,(anonymous_38)
FNDA:0,applyFilters
FNDA:0,(anonymous_40)
FNDA:0,applySorting
FNDA:0,(anonymous_42)
FNDA:0,updateActiveFilters
FNDA:0,(anonymous_44)
FNDA:0,processSearchResults
FNDA:0,processChunk
FNDA:0,runSearch
FNDA:0,(anonymous_48)
FNDA:0,(anonymous_49)
FNDA:0,(anonymous_50)
FNDA:0,(anonymous_51)
FNDA:0,(anonymous_52)
FNDA:0,(anonymous_53)
FNDA:0,(anonymous_54)
FNDA:0,(anonymous_55)
FNDA:0,(anonymous_56)
FNDA:0,(anonymous_57)
FNDA:0,(anonymous_58)
FNDA:0,(anonymous_59)
FNDA:0,(anonymous_60)
FNDA:0,(anonymous_61)
FNDA:0,(anonymous_62)
DA:1,0
DA:2,0
DA:4,0
DA:8,0
DA:9,0
DA:10,0
DA:11,0
DA:14,0
DA:15,0
DA:16,0
DA:17,0
DA:18,0
DA:19,0
DA:20,0
DA:21,0
DA:22,0
DA:23,0
DA:24,0
DA:25,0
DA:26,0
DA:29,0
DA:30,0
DA:31,0
DA:32,0
DA:33,0
DA:41,0
DA:42,0
DA:45,0
DA:46,0
DA:48,0
DA:53,0
DA:55,0
DA:57,0
DA:58,0
DA:61,0
DA:63,0
DA:64,0
DA:67,0
DA:68,0
DA:69,0
DA:76,0
DA:77,0
DA:78,0
DA:81,0
DA:82,0
DA:83,0
DA:90,0
DA:91,0
DA:92,0
DA:99,0
DA:100,0
DA:105,0
DA:107,0
DA:108,0
DA:109,0
DA:110,0
DA:113,0
DA:115,0
DA:130,0
DA:131,0
DA:135,0
DA:136,0
DA:138,0
DA:139,0
DA:140,0
DA:141,0
DA:142,0
DA:143,0
DA:145,0
DA:146,0
DA:152,0
DA:156,0
DA:157,0
DA:159,0
DA:160,0
DA:161,0
DA:162,0
DA:163,0
DA:166,0
DA:167,0
DA:170,0
DA:171,0
DA:174,0
DA:177,0
DA:178,0
DA:179,0
DA:180,0
DA:181,0
DA:182,0
DA:183,0
DA:184,0
DA:185,0
DA:188,0
DA:189,0
DA:190,0
DA:191,0
DA:192,0
DA:195,0
DA:196,0
DA:197,0
DA:201,0
DA:202,0
DA:203,0
DA:206,0
DA:207,0
DA:208,0
DA:209,0
DA:210,0
DA:214,0
DA:215,0
DA:216,0
DA:218,0
DA:220,0
DA:223,0
DA:227,0
DA:228,0
DA:229,0
DA:231,0
DA:232,0
DA:233,0
DA:238,0
DA:239,0
DA:240,0
DA:241,0
DA:245,0
DA:246,0
DA:247,0
DA:248,0
DA:250,0
DA:251,0
DA:253,0
DA:254,0
DA:256,0
DA:260,0
DA:261,0
DA:266,0
DA:267,0
DA:268,0
DA:270,0
DA:274,0
DA:276,0
DA:279,0
DA:282,0
DA:283,0
DA:285,0
DA:286,0
DA:287,0
DA:290,0
DA:291,0
DA:296,0
DA:297,0
DA:298,0
DA:299,0
DA:300,0
DA:301,0
DA:304,0
DA:305,0
DA:306,0
DA:308,0
DA:310,0
DA:311,0
DA:314,0
DA:315,0
DA:320,0
DA:324,0
DA:325,0
DA:326,0
DA:327,0
DA:328,0
DA:336,0
DA:337,0
DA:338,0
DA:339,0
DA:343,0
DA:344,0
DA:345,0
DA:348,0
DA:349,0
DA:352,0
DA:353,0
DA:356,0
DA:357,0
DA:358,0
DA:360,0
DA:361,0
DA:362,0
DA:365,0
DA:366,0
DA:367,0
DA:368,0
DA:370,0
DA:374,0
DA:375,0
DA:376,0
DA:377,0
DA:379,0
DA:383,0
DA:387,0
DA:388,0
DA:389,0
DA:390,0
DA:394,0
DA:398,0
DA:399,0
DA:400,0
DA:401,0
DA:403,0
DA:406,0
DA:409,0
DA:410,0
DA:411,0
DA:414,0
DA:415,0
DA:417,0
DA:418,0
DA:419,0
DA:420,0
DA:421,0
DA:422,0
DA:427,0
DA:429,0
DA:430,0
DA:432,0
DA:434,0
DA:435,0
DA:436,0
DA:437,0
DA:441,0
DA:452,0
DA:454,0
DA:457,0
DA:458,0
DA:465,0
DA:473,0
DA:491,0
DA:492,0
DA:493,0
DA:498,0
DA:500,0
DA:501,0
DA:503,0
DA:508,0
DA:509,0
DA:510,0
DA:511,0
DA:512,0
DA:513,0
DA:514,0
DA:517,0
DA:523,0
DA:524,0
DA:527,0
DA:528,0
DA:530,0
DA:536,0
DA:537,0
DA:538,0
DA:541,0
DA:544,0
DA:545,0
DA:546,0
DA:547,0
DA:548,0
DA:552,0
DA:555,0
DA:557,0
DA:560,0
DA:564,0
DA:568,0
DA:570,0
DA:571,0
DA:572,0
DA:573,0
DA:577,0
DA:578,0
DA:581,0
DA:582,0
DA:584,0
DA:586,0
DA:589,0
DA:592,0
DA:593,0
DA:596,0
DA:597,0
DA:598,0
DA:605,0
DA:606,0
DA:607,0
DA:608,0
DA:612,0
DA:613,0
DA:614,0
DA:615,0
DA:618,0
DA:619,0
DA:623,0
DA:624,0
DA:629,0
DA:630,0
DA:631,0
DA:632,0
DA:633,0
DA:634,0
DA:637,0
DA:638,0
DA:643,0
DA:644,0
DA:645,0
DA:646,0
DA:647,0
DA:652,0
DA:653,0
DA:654,0
DA:655,0
DA:656,0
DA:657,0
DA:659,0
DA:660,0
DA:665,0
DA:666,0
DA:667,0
DA:668,0
DA:669,0
DA:674,0
DA:675,0
DA:676,0
DA:677,0
DA:678,0
DA:679,0
DA:680,0
DA:681,0
DA:682,0
DA:683,0
DA:690,0
DA:691,0
DA:692,0
DA:693,0
DA:694,0
DA:700,0
DA:701,0
DA:702,0
DA:707,0
DA:708,0
DA:709,0
DA:710,0
DA:712,0
DA:713,0
DA:714,0
DA:715,0
DA:716,0
DA:717,0
DA:718,0
DA:719,0
DA:720,0
DA:721,0
DA:722,0
DA:728,0
DA:729,0
LF:358
LH:0
BRDA:4,0,0,0
BRDA:4,0,1,0
BRDA:10,1,0,0
BRDA:10,1,1,0
BRDA:10,2,0,0
BRDA:10,2,1,0
BRDA:46,3,0,0
BRDA:46,3,1,0
BRDA:53,4,0,0
BRDA:53,4,1,0
BRDA:53,5,0,0
BRDA:53,5,1,0
BRDA:63,6,0,0
BRDA:63,6,1,0
BRDA:99,7,0,0
BRDA:99,7,1,0
BRDA:99,8,0,0
BRDA:99,8,1,0
BRDA:105,9,0,0
BRDA:105,9,1,0
BRDA:108,10,0,0
BRDA:108,10,1,0
BRDA:109,11,0,0
BRDA:109,11,1,0
BRDA:131,12,0,0
BRDA:131,12,1,0
BRDA:138,13,0,0
BRDA:138,13,1,0
BRDA:139,14,0,0
BRDA:139,14,1,0
BRDA:141,15,0,0
BRDA:141,15,1,0
BRDA:145,16,0,0
BRDA:145,16,1,0
BRDA:159,17,0,0
BRDA:159,17,1,0
BRDA:159,18,0,0
BRDA:159,18,1,0
BRDA:162,19,0,0
BRDA:162,19,1,0
BRDA:170,20,0,0
BRDA:170,20,1,0
BRDA:177,21,0,0
BRDA:177,21,1,0
BRDA:180,22,0,0
BRDA:180,22,1,0
BRDA:180,23,0,0
BRDA:180,23,1,0
BRDA:183,24,0,0
BRDA:183,24,1,0
BRDA:183,25,0,0
BRDA:183,25,1,0
BRDA:188,26,0,0
BRDA:188,26,1,0
BRDA:188,27,0,0
BRDA:188,27,1,0
BRDA:189,28,0,0
BRDA:189,28,1,0
BRDA:190,29,0,0
BRDA:190,29,1,0
BRDA:190,30,0,0
BRDA:190,30,1,0
BRDA:195,31,0,0
BRDA:195,31,1,0
BRDA:195,32,0,0
BRDA:195,32,1,0
BRDA:201,33,0,0
BRDA:201,33,1,0
BRDA:201,34,0,0
BRDA:201,34,1,0
BRDA:208,35,0,0
BRDA:208,35,1,0
BRDA:215,36,0,0
BRDA:215,36,1,0
BRDA:216,37,0,0
BRDA:216,37,1,0
BRDA:218,38,0,0
BRDA:218,38,1,0
BRDA:227,39,0,0
BRDA:227,39,1,0
BRDA:227,40,0,0
BRDA:227,40,1,0
BRDA:231,41,0,0
BRDA:231,41,1,0
BRDA:247,42,0,0
BRDA:247,42,1,0
BRDA:250,43,0,0
BRDA:250,43,1,0
BRDA:253,44,0,0
BRDA:253,44,1,0
BRDA:260,45,0,0
BRDA:260,45,1,0
BRDA:266,46,0,0
BRDA:266,46,1,0
BRDA:266,47,0,0
BRDA:266,47,1,0
BRDA:267,48,0,0
BRDA:267,48,1,0
BRDA:267,49,0,0
BRDA:267,49,1,0
BRDA:276,50,0,0
BRDA:276,50,1,0
BRDA:287,51,0,0
BRDA:287,51,1,0
BRDA:291,52,0,0
BRDA:291,52,1,0
BRDA:291,53,0,0
BRDA:291,53,1,0
BRDA:298,54,0,0
BRDA:298,54,1,0
BRDA:299,55,0,0
BRDA:299,55,1,0
BRDA:305,56,0,0
BRDA:305,56,1,0
BRDA:306,57,0,0
BRDA:306,57,1,0
BRDA:320,58,0,0
BRDA:320,58,1,0
BRDA:333,59,0,0
BRDA:333,59,1,0
BRDA:334,60,0,0
BRDA:334,60,1,0
BRDA:336,61,0,0
BRDA:336,61,1,0
BRDA:338,62,0,0
BRDA:338,62,1,0
BRDA:339,63,0,0
BRDA:339,63,1,0
BRDA:348,64,0,0
BRDA:348,64,1,0
BRDA:352,65,0,0
BRDA:352,65,1,0
BRDA:356,66,0,0
BRDA:356,66,1,0
BRDA:365,67,0,0
BRDA:365,67,1,0
BRDA:367,68,0,0
BRDA:367,68,1,0
BRDA:367,69,0,0
BRDA:367,69,1,0
BRDA:374,70,0,0
BRDA:374,70,1,0
BRDA:376,71,0,0
BRDA:376,71,1,0
BRDA:376,72,0,0
BRDA:376,72,1,0
BRDA:387,73,0,0
BRDA:387,73,1,0
BRDA:388,74,0,0
BRDA:388,74,1,0
BRDA:389,75,0,0
BRDA:389,75,1,0
BRDA:389,76,0,0
BRDA:389,76,1,0
BRDA:390,77,0,0
BRDA:390,77,1,0
BRDA:398,78,0,0
BRDA:398,78,1,0
BRDA:398,79,0,0
BRDA:398,79,1,0
BRDA:400,80,0,0
BRDA:400,80,1,0
BRDA:409,81,0,0
BRDA:409,81,1,0
BRDA:410,82,0,0
BRDA:410,82,1,0
BRDA:411,83,0,0
BRDA:411,83,1,0
BRDA:420,84,0,0
BRDA:420,84,1,0
BRDA:427,85,0,0
BRDA:427,85,1,0
BRDA:427,86,0,0
BRDA:427,86,1,0
BRDA:435,87,0,0
BRDA:435,87,1,0
BRDA:436,88,0,0
BRDA:436,88,1,0
BRDA:441,89,0,0
BRDA:441,89,1,0
BRDA:443,90,0,0
BRDA:443,90,1,0
BRDA:445,91,0,0
BRDA:445,91,1,0
BRDA:447,92,0,0
BRDA:447,92,1,0
BRDA:454,93,0,0
BRDA:454,93,1,0
BRDA:454,94,0,0
BRDA:454,94,1,0
BRDA:457,95,0,0
BRDA:457,95,1,0
BRDA:492,96,0,0
BRDA:492,96,1,0
BRDA:500,97,0,0
BRDA:500,97,1,0
BRDA:509,98,0,0
BRDA:509,98,1,0
BRDA:510,99,0,0
BRDA:510,99,1,0
BRDA:511,100,0,0
BRDA:511,100,1,0
BRDA:513,101,0,0
BRDA:513,101,1,0
BRDA:514,102,0,0
BRDA:514,102,1,0
BRDA:514,103,0,0
BRDA:514,103,1,0
BRDA:524,104,0,0
BRDA:524,104,1,0
BRDA:527,105,0,0
BRDA:527,105,1,0
BRDA:547,106,0,0
BRDA:547,106,1,0
BRDA:555,107,0,0
BRDA:555,107,1,0
BRDA:567,108,0,0
BRDA:568,109,0,0
BRDA:568,109,1,0
BRDA:577,110,0,0
BRDA:577,110,1,0
BRDA:608,111,0,0
BRDA:608,111,1,0
BRDA:618,112,0,0
BRDA:618,112,1,0
BRDA:630,113,0,0
BRDA:630,113,1,0
BRDA:633,114,0,0
BRDA:633,114,1,0
BRDA:644,115,0,0
BRDA:644,115,1,0
BRDA:652,116,0,0
BRDA:652,116,1,0
BRDA:656,117,0,0
BRDA:656,117,1,0
BRDA:665,118,0,0
BRDA:665,118,1,0
BRDA:665,119,0,0
BRDA:665,119,1,0
BRDA:677,120,0,0
BRDA:677,120,1,0
BRDA:682,121,0,0
BRDA:682,121,1,0
BRDA:690,122,0,0
BRDA:690,122,1,0
BRDA:693,123,0,0
BRDA:693,123,1,0
BRDA:700,124,0,0
BRDA:700,124,1,0
BRDA:707,125,0,0
BRDA:707,125,1,0
BRDA:712,126,0,0
BRDA:712,126,1,0
BRDA:717,127,0,0
BRDA:717,127,1,0
BRF:255
BRH:0
end_of_record
TN:
SF:themes/karuta/static/js/sw-register.js
FN:2,(anonymous_0)
FN:7,(anonymous_1)
FN:10,(anonymous_2)
FN:14,(anonymous_3)
FN:17,(anonymous_4)
FN:28,(anonymous_5)
FN:33,(anonymous_6)
FN:41,(anonymous_7)
FN:46,(anonymous_8)
FNF:9
FNH:0
FNDA:0,(anonymous_0)
FNDA:0,(anonymous_1)
FNDA:0,(anonymous_2)
FNDA:0,(anonymous_3)
FNDA:0,(anonymous_4)
FNDA:0,(anonymous_5)
FNDA:0,(anonymous_6)
FNDA:0,(anonymous_7)
FNDA:0,(anonymous_8)
DA:2,0
DA:6,0
DA:7,0
DA:8,0
DA:11,0
DA:14,0
DA:15,0
DA:16,0
DA:17,0
DA:18,0
DA:20,0
DA:21,0
DA:29,0
DA:33,0
DA:34,0
DA:35,0
DA:41,0
DA:42,0
DA:43,0
DA:46,0
DA:47,0
DA:48,0
LF:22
LH:0
BRDA:6,0,0,0
BRDA:6,0,1,0
BRDA:16,1,0,0
BRDA:16,1,1,0
BRDA:18,2,0,0
BRDA:18,2,1,0
BRDA:18,3,0,0
BRDA:18,3,1,0
BRDA:20,4,0,0
BRDA:20,4,1,0
BRDA:34,5,0,0
BRDA:34,5,1,0
BRDA:34,6,0,0
BRDA:34,6,1,0
BRF:14
BRH:0
end_of_record
TN:
SF:themes/karuta/static/js/theme.js
FN:1,(anonymous_0)
FN:2,applyTheme
FN:20,getInitial
FN:30,(anonymous_3)
FN:35,(anonymous_4)
FN:47,(anonymous_5)
FNF:6
FNH:0
FNDA:0,(anonymous_0)
FNDA:0,applyTheme
FNDA:0,getInitial
FNDA:0,(anonymous_3)
FNDA:0,(anonymous_4)
FNDA:0,(anonymous_5)
DA:1,0
DA:3,0
DA:5,0
DA:6,0
DA:7,0
DA:8,0
DA:9,0
DA:10,0
DA:13,0
DA:14,0
DA:15,0
DA:21,0
DA:22,0
DA:23,0
DA:25,0
DA:30,0
DA:31,0
DA:32,0
DA:33,0
DA:34,0
DA:35,0
DA:36,0
DA:37,0
DA:38,0
DA:40,0
DA:44,0
DA:45,0
DA:46,0
DA:48,0
DA:49,0
DA:50,0
LF:31
LH:0
BRDA:7,0,0,0
BRDA:7,0,1,0
BRDA:9,1,0,0
BRDA:9,1,1,0
BRDA:10,2,0,0
BRDA:10,2,1,0
BRDA:13,3,0,0
BRDA:13,3,1,0
BRDA:23,4,0,0
BRDA:23,4,1,0
BRDA:23,5,0,0
BRDA:23,5,1,0
BRDA:25,6,0,0
BRDA:25,6,1,0
BRDA:25,7,0,0
BRDA:25,7,1,0
BRDA:34,8,0,0
BRDA:34,8,1,0
BRDA:36,9,0,0
BRDA:36,9,1,0
BRDA:46,10,0,0
BRDA:46,10,1,0
BRDA:49,11,0,0
BRDA:49,11,1,0
BRDA:49,12,0,0
BRDA:49,12,1,0
BRDA:50,13,0,0
BRDA:50,13,1,0
BRF:28
BRH:0
end_of_record
TN:
SF:themes/karuta/static/js/ui-enhancements.js
FN:2,(anonymous_0)
FN:6,ready
FN:15,initScrollToTop
FN:34,updateScrollProgress
FN:72,scrollToTop
FN:89,(anonymous_5)
FN:97,(anonymous_6)
FN:115,throttledScrollUpdate
FN:117,(anonymous_8)
FN:132,initSmoothScroll
FN:137,(anonymous_10)
FN:181,initFocusManagement
FN:189,(anonymous_12)
FNF:13
FNH:0
FNDA:0,(anonymous_0)
FNDA:0,ready
FNDA:0,initScrollToTop
FNDA:0,updateScrollProgress
FNDA:0,scrollToTop
FNDA:0,(anonymous_5)
FNDA:0,(anonymous_6)
FNDA:0,throttledScrollUpdate
FNDA:0,(anonymous_8)
FNDA:0,initSmoothScroll
FNDA:0,(anonymous_10)
FNDA:0,initFocusManagement
FNDA:0,(anonymous_12)
DA:2,0
DA:7,0
DA:8,0
DA:10,0
DA:16,0
DA:17,0
DA:18,0
DA:20,0
DA:22,0
DA:25,0
DA:29,0
DA:35,0
DA:37,0
DA:38,0
DA:41,0
DA:43,0
DA:45,0
DA:46,0
DA:47,0
DA:48,0
DA:52,0
DA:53,0
DA:55,0
DA:57,0
DA:60,0
DA:63,0
DA:64,0
DA:67,0
DA:73,0
DA:76,0
DA:78,0
DA:79,0
DA:82,0
DA:83,0
DA:89,0
DA:90,0
DA:91,0
DA:92,0
DA:96,0
DA:97,0
DA:98,0
DA:99,0
DA:101,0
DA:102,0
DA:103,0
DA:104,0
DA:111,0
DA:114,0
DA:116,0
DA:117,0
DA:118,0
DA:119,0
DA:124,0
DA:125,0
DA:126,0
DA:134,0
DA:137,0
DA:138,0
DA:139,0
DA:141,0
DA:142,0
DA:143,0
DA:144,0
DA:148,0
DA:151,0
DA:152,0
DA:154,0
DA:157,0
DA:158,0
DA:160,0
DA:166,0
DA:167,0
DA:171,0
DA:172,0
DA:173,0
DA:183,0
DA:184,0
DA:189,0
DA:190,0
DA:191,0
DA:192,0
LF:81
LH:0
BRDA:7,0,0,0
BRDA:7,0,1,0
BRDA:20,1,0,0
BRDA:20,1,1,0
BRDA:29,2,0,0
BRDA:29,2,1,0
BRDA:29,2,2,0
BRDA:35,3,0,0
BRDA:35,3,1,0
BRDA:43,4,0,0
BRDA:43,4,1,0
BRDA:43,5,0,0
BRDA:43,5,1,0
BRDA:43,5,2,0
BRDA:43,5,3,0
BRDA:52,6,0,0
BRDA:52,6,1,0
BRDA:73,7,0,0
BRDA:73,7,1,0
BRDA:82,8,0,0
BRDA:82,8,1,0
BRDA:98,9,0,0
BRDA:98,9,1,0
BRDA:116,10,0,0
BRDA:116,10,1,0
BRDA:139,11,0,0
BRDA:139,11,1,0
BRDA:142,12,0,0
BRDA:142,12,1,0
BRDA:142,13,0,0
BRDA:142,13,1,0
BRDA:152,14,0,0
BRDA:152,14,1,0
BRDA:157,15,0,0
BRDA:157,15,1,0
BRDA:166,16,0,0
BRDA:166,16,1,0
BRDA:183,17,0,0
BRDA:183,17,1,0
BRDA:183,18,0,0
BRDA:183,18,1,0
BRF:41
BRH:0
end_of_record
